<?xml version="1.0" encoding="UTF-8"?>
<!-- Generated by org.testng.reporters.JUnitReportReporter -->
<testsuite hostname="FVFDN4SYP3XY" failures="0" tests="4" name="RecipeTest" time="3.959" errors="0" timestamp="03 Apr 2024 11:18:51 GMT" skipped="0">
  <testcase classname="RecipeTest" name="AnalyzeRecipesTest" time="1.016"/>
  <testcase classname="RecipeTest" name="guessNutritionTest" time="1.223"/>
  <testcase classname="RecipeTest" name="SearchRecipesRandomTest" time="1.075"/>
  <testcase classname="RecipeTest" name="SearchRecipesTest" time="0.645"/>
</testsuite> <!-- RecipeTest -->
