<?xml version="1.0" encoding="UTF-8"?>
<!-- Generated by org.testng.reporters.JUnitReportReporter -->
<testsuite hostname="FVFDN4SYP3XY" failures="0" tests="1" name="RecipeTest" time="1.041" errors="0" timestamp="28 Mar 2024 11:19:46 GMT" skipped="0">
  <testcase classname="RecipeTest" name="MealPlanSearchRecipesTest" time="1.041"/>
</testsuite> <!-- RecipeTest -->
